2025-06-30T15:05:20.915+01:00  INFO 15332 --- [main] [                                                 ] o.s.samples.PetClinicApplication         : Starting PetClinicApplication using Java 17.0.14 with PID 15332 (C:\spring_modulith-main\PetClinicModulithAsyncObservability\target\classes started by henri in C:\spring_modulith-main)
2025-06-30T15:05:20.922+01:00  INFO 15332 --- [main] [                                                 ] o.s.samples.PetClinicApplication         : No active profile set, falling back to 1 default profile: "default"
2025-06-30T15:05:22.891+01:00  INFO 15332 --- [main] [                                                 ] .s.d.r.c.RepositoryConfigurationDelegate : Bootstrapping Spring Data JPA repositories in DEFAULT mode.
2025-06-30T15:05:22.931+01:00  INFO 15332 --- [main] [                                                 ] .s.d.r.c.RepositoryConfigurationDelegate : Finished Spring Data repository scanning in 27 ms. Found 0 JPA repository interfaces.
2025-06-30T15:05:23.984+01:00  INFO 15332 --- [main] [                                                 ] o.s.b.w.embedded.tomcat.TomcatWebServer  : Tomcat initialized with port 8080 (http)
2025-06-30T15:05:23.998+01:00  INFO 15332 --- [main] [                                                 ] o.apache.catalina.core.StandardService   : Starting service [Tomcat]
2025-06-30T15:05:23.998+01:00  INFO 15332 --- [main] [                                                 ] o.apache.catalina.core.StandardEngine    : Starting Servlet engine: [Apache Tomcat/10.1.17]
2025-06-30T15:05:24.096+01:00  INFO 15332 --- [main] [                                                 ] o.a.c.c.C.[Tomcat].[localhost].[/]       : Initializing Spring embedded WebApplicationContext
2025-06-30T15:05:24.097+01:00  INFO 15332 --- [main] [                                                 ] w.s.c.ServletWebServerApplicationContext : Root WebApplicationContext: initialization completed in 3105 ms
2025-06-30T15:05:24.739+01:00  INFO 15332 --- [main] [                                                 ] com.zaxxer.hikari.HikariDataSource       : HikariPool-1 - Starting...
2025-06-30T15:05:25.007+01:00  INFO 15332 --- [main] [                                                 ] com.zaxxer.hikari.pool.HikariPool        : HikariPool-1 - Added connection conn0: url=jdbc:h2:mem:owner user=SA
2025-06-30T15:05:25.010+01:00  INFO 15332 --- [main] [                                                 ] com.zaxxer.hikari.HikariDataSource       : HikariPool-1 - Start completed.
2025-06-30T15:05:25.019+01:00  INFO 15332 --- [main] [                                                 ] com.zaxxer.hikari.HikariDataSource       : HikariPool-2 - Starting...
2025-06-30T15:05:25.021+01:00  INFO 15332 --- [main] [                                                 ] com.zaxxer.hikari.pool.HikariPool        : HikariPool-2 - Added connection conn1: url=jdbc:h2:mem:pet user=SA
2025-06-30T15:05:25.022+01:00  INFO 15332 --- [main] [                                                 ] com.zaxxer.hikari.HikariDataSource       : HikariPool-2 - Start completed.
2025-06-30T15:05:25.022+01:00  INFO 15332 --- [main] [                                                 ] com.zaxxer.hikari.HikariDataSource       : HikariPool-3 - Starting...
2025-06-30T15:05:25.024+01:00  INFO 15332 --- [main] [                                                 ] com.zaxxer.hikari.pool.HikariPool        : HikariPool-3 - Added connection conn2: url=jdbc:h2:mem:vet user=SA
2025-06-30T15:05:25.024+01:00  INFO 15332 --- [main] [                                                 ] com.zaxxer.hikari.HikariDataSource       : HikariPool-3 - Start completed.
2025-06-30T15:05:25.024+01:00  INFO 15332 --- [main] [                                                 ] com.zaxxer.hikari.HikariDataSource       : HikariPool-4 - Starting...
2025-06-30T15:05:25.026+01:00  INFO 15332 --- [main] [                                                 ] com.zaxxer.hikari.pool.HikariPool        : HikariPool-4 - Added connection conn3: url=jdbc:h2:mem:visit user=SA
2025-06-30T15:05:25.027+01:00  INFO 15332 --- [main] [                                                 ] com.zaxxer.hikari.HikariDataSource       : HikariPool-4 - Start completed.
2025-06-30T15:05:25.027+01:00  INFO 15332 --- [main] [                                                 ] o.s.b.a.h2.H2ConsoleAutoConfiguration    : H2 console available at '/h2-console'. Databases available at 'jdbc:h2:mem:owner', 'jdbc:h2:mem:pet', 'jdbc:h2:mem:vet', 'jdbc:h2:mem:visit'
2025-06-30T15:05:25.454+01:00  INFO 15332 --- [main] [                                                 ] o.hibernate.jpa.internal.util.LogHelper  : HHH000204: Processing PersistenceUnitInfo [name: default]
2025-06-30T15:05:25.531+01:00  INFO 15332 --- [main] [                                                 ] org.hibernate.Version                    : HHH000412: Hibernate ORM core version 6.4.1.Final
2025-06-30T15:05:25.577+01:00  INFO 15332 --- [main] [                                                 ] o.h.c.internal.RegionFactoryInitiator    : HHH000026: Second-level cache disabled
2025-06-30T15:05:25.880+01:00  INFO 15332 --- [main] [                                                 ] o.s.o.j.p.SpringPersistenceUnitInfo      : No LoadTimeWeaver setup: ignoring JPA class transformer
2025-06-30T15:05:26.904+01:00  INFO 15332 --- [main] [                                                 ] o.h.e.t.j.p.i.JtaPlatformInitiator       : HHH000489: No JTA platform available (set 'hibernate.transaction.jta.platform' to enable JTA platform integration)
2025-06-30T15:05:26.907+01:00  INFO 15332 --- [main] [                                                 ] j.LocalContainerEntityManagerFactoryBean : Initialized JPA EntityManagerFactory for persistence unit 'default'
2025-06-30T15:05:28.748+01:00  INFO 15332 --- [main] [                                                 ] o.s.b.a.e.web.EndpointLinksResolver      : Exposing 15 endpoint(s) beneath base path '/internal'
2025-06-30T15:05:28.898+01:00  INFO 15332 --- [main] [                                                 ] o.s.b.w.embedded.tomcat.TomcatWebServer  : Tomcat started on port 8080 (http) with context path ''
2025-06-30T15:05:28.918+01:00  INFO 15332 --- [main] [                                                 ] o.s.s.config.TaskSchedulerRouter         : No TaskScheduler/ScheduledExecutorService bean found for scheduled processing
2025-06-30T15:05:28.925+01:00  INFO 15332 --- [main] [                                                 ] o.s.samples.PetClinicApplication         : Started PetClinicApplication in 8.615 seconds (process running for 9.955)
2025-06-30T15:05:29.843+01:00  INFO 15332 --- [RMI TCP Connection(2)-169.254.230.255] [                                                 ] o.a.c.c.C.[Tomcat].[localhost].[/]       : Initializing Spring DispatcherServlet 'dispatcherServlet'
2025-06-30T15:05:29.844+01:00  INFO 15332 --- [RMI TCP Connection(2)-169.254.230.255] [                                                 ] o.s.web.servlet.DispatcherServlet        : Initializing Servlet 'dispatcherServlet'
2025-06-30T15:05:29.847+01:00  INFO 15332 --- [RMI TCP Connection(2)-169.254.230.255] [                                                 ] o.s.web.servlet.DispatcherServlet        : Completed initialization in 3 ms
2025-06-30T15:06:19.700+01:00 ERROR 15332 --- [OkHttp http://localhost:4318/...] [                                                 ] i.o.exporter.internal.http.HttpExporter  : Failed to export spans. The request could not be executed. Full error message: unexpected end of stream on http://localhost:4318/...

java.io.IOException: unexpected end of stream on http://localhost:4318/...
	at okhttp3.internal.http1.Http1ExchangeCodec.readResponseHeaders(Http1ExchangeCodec.kt:210) ~[okhttp-4.12.0.jar:na]
	at okhttp3.internal.connection.Exchange.readResponseHeaders(Exchange.kt:110) ~[okhttp-4.12.0.jar:na]
	at okhttp3.internal.http.CallServerInterceptor.intercept(CallServerInterceptor.kt:93) ~[okhttp-4.12.0.jar:na]
	at okhttp3.internal.http.RealInterceptorChain.proceed(RealInterceptorChain.kt:109) ~[okhttp-4.12.0.jar:na]
	at okhttp3.internal.connection.ConnectInterceptor.intercept(ConnectInterceptor.kt:34) ~[okhttp-4.12.0.jar:na]
	at okhttp3.internal.http.RealInterceptorChain.proceed(RealInterceptorChain.kt:109) ~[okhttp-4.12.0.jar:na]
	at okhttp3.internal.cache.CacheInterceptor.intercept(CacheInterceptor.kt:95) ~[okhttp-4.12.0.jar:na]
	at okhttp3.internal.http.RealInterceptorChain.proceed(RealInterceptorChain.kt:109) ~[okhttp-4.12.0.jar:na]
	at okhttp3.internal.http.BridgeInterceptor.intercept(BridgeInterceptor.kt:83) ~[okhttp-4.12.0.jar:na]
	at okhttp3.internal.http.RealInterceptorChain.proceed(RealInterceptorChain.kt:109) ~[okhttp-4.12.0.jar:na]
	at okhttp3.internal.http.RetryAndFollowUpInterceptor.intercept(RetryAndFollowUpInterceptor.kt:76) ~[okhttp-4.12.0.jar:na]
	at okhttp3.internal.http.RealInterceptorChain.proceed(RealInterceptorChain.kt:109) ~[okhttp-4.12.0.jar:na]
	at okhttp3.internal.connection.RealCall.getResponseWithInterceptorChain$okhttp(RealCall.kt:201) ~[okhttp-4.12.0.jar:na]
	at okhttp3.internal.connection.RealCall$AsyncCall.run(RealCall.kt:517) ~[okhttp-4.12.0.jar:na]
	at java.base/java.util.concurrent.ThreadPoolExecutor.runWorker(ThreadPoolExecutor.java:1136) ~[na:na]
	at java.base/java.util.concurrent.ThreadPoolExecutor$Worker.run(ThreadPoolExecutor.java:635) ~[na:na]
	at java.base/java.lang.Thread.run(Thread.java:840) ~[na:na]
	Suppressed: java.io.IOException: unexpected end of stream on http://localhost:4318/...
		... 17 common frames omitted
	Caused by: java.io.EOFException: \n not found: limit=0 content=…
		at okio.RealBufferedSource.readUtf8LineStrict(RealBufferedSource.kt:335)
		at okhttp3.internal.http1.HeadersReader.readLine(HeadersReader.kt:29)
		at okhttp3.internal.http1.Http1ExchangeCodec.readResponseHeaders(Http1ExchangeCodec.kt:180)
		... 16 common frames omitted
Caused by: java.io.EOFException: \n not found: limit=0 content=…
	at okio.RealBufferedSource.readUtf8LineStrict(RealBufferedSource.kt:335) ~[okio-jvm-3.6.0.jar:na]
	at okhttp3.internal.http1.HeadersReader.readLine(HeadersReader.kt:29) ~[okhttp-4.12.0.jar:na]
	at okhttp3.internal.http1.Http1ExchangeCodec.readResponseHeaders(Http1ExchangeCodec.kt:180) ~[okhttp-4.12.0.jar:na]
	... 16 common frames omitted

2025-06-30T15:06:21.773+01:00  INFO 15332 --- [SpringApplicationShutdownHook] [                                                 ] .s.m.e.c.DefaultEventPublicationRegistry : No publications outstanding!
2025-06-30T15:06:21.780+01:00  INFO 15332 --- [SpringApplicationShutdownHook] [                                                 ] j.LocalContainerEntityManagerFactoryBean : Closing JPA EntityManagerFactory for persistence unit 'default'
2025-06-30T15:06:21.786+01:00  INFO 15332 --- [SpringApplicationShutdownHook] [                                                 ] com.zaxxer.hikari.HikariDataSource       : HikariPool-4 - Shutdown initiated...
2025-06-30T15:06:21.789+01:00  INFO 15332 --- [SpringApplicationShutdownHook] [                                                 ] com.zaxxer.hikari.HikariDataSource       : HikariPool-4 - Shutdown completed.
2025-06-30T15:06:21.790+01:00  INFO 15332 --- [SpringApplicationShutdownHook] [                                                 ] com.zaxxer.hikari.HikariDataSource       : HikariPool-3 - Shutdown initiated...
2025-06-30T15:06:21.791+01:00  INFO 15332 --- [SpringApplicationShutdownHook] [                                                 ] com.zaxxer.hikari.HikariDataSource       : HikariPool-3 - Shutdown completed.
2025-06-30T15:06:21.792+01:00  INFO 15332 --- [SpringApplicationShutdownHook] [                                                 ] com.zaxxer.hikari.HikariDataSource       : HikariPool-2 - Shutdown initiated...
2025-06-30T15:06:21.793+01:00  INFO 15332 --- [SpringApplicationShutdownHook] [                                                 ] com.zaxxer.hikari.HikariDataSource       : HikariPool-2 - Shutdown completed.
2025-06-30T15:06:21.794+01:00  INFO 15332 --- [SpringApplicationShutdownHook] [                                                 ] com.zaxxer.hikari.HikariDataSource       : HikariPool-1 - Shutdown initiated...
2025-06-30T15:06:21.796+01:00  INFO 15332 --- [SpringApplicationShutdownHook] [                                                 ] com.zaxxer.hikari.HikariDataSource       : HikariPool-1 - Shutdown completed.
