2025-06-30T15:02:39.408+01:00  INFO 7772 --- [main] [                                                 ] o.s.samples.PetClinicApplicationSync     : Starting PetClinicApplicationSync using Java 17.0.14 with PID 7772 (C:\spring_modulith-main\PetClinicModulithSyncObservability\target\classes started by henri in C:\spring_modulith-main)
2025-06-30T15:02:39.418+01:00  INFO 7772 --- [main] [                                                 ] o.s.samples.PetClinicApplicationSync     : No active profile set, falling back to 1 default profile: "default"
2025-06-30T15:02:41.551+01:00  INFO 7772 --- [main] [                                                 ] .s.d.r.c.RepositoryConfigurationDelegate : Bootstrapping Spring Data JPA repositories in DEFAULT mode.
2025-06-30T15:02:41.600+01:00  INFO 7772 --- [main] [                                                 ] .s.d.r.c.RepositoryConfigurationDelegate : Finished Spring Data repository scanning in 37 ms. Found 0 JPA repository interfaces.
2025-06-30T15:02:42.865+01:00  INFO 7772 --- [main] [                                                 ] o.s.b.w.embedded.tomcat.TomcatWebServer  : Tomcat initialized with port 8080 (http)
2025-06-30T15:02:42.881+01:00  INFO 7772 --- [main] [                                                 ] o.apache.catalina.core.StandardService   : Starting service [Tomcat]
2025-06-30T15:02:42.882+01:00  INFO 7772 --- [main] [                                                 ] o.apache.catalina.core.StandardEngine    : Starting Servlet engine: [Apache Tomcat/10.1.17]
2025-06-30T15:02:43.000+01:00  INFO 7772 --- [main] [                                                 ] o.a.c.c.C.[Tomcat].[localhost].[/]       : Initializing Spring embedded WebApplicationContext
2025-06-30T15:02:43.001+01:00  INFO 7772 --- [main] [                                                 ] w.s.c.ServletWebServerApplicationContext : Root WebApplicationContext: initialization completed in 3506 ms
2025-06-30T15:02:44.019+01:00  INFO 7772 --- [main] [                                                 ] com.zaxxer.hikari.HikariDataSource       : HikariPool-1 - Starting...
2025-06-30T15:02:44.277+01:00  INFO 7772 --- [main] [                                                 ] com.zaxxer.hikari.pool.HikariPool        : HikariPool-1 - Added connection conn0: url=jdbc:h2:mem:owner user=SA
2025-06-30T15:02:44.280+01:00  INFO 7772 --- [main] [                                                 ] com.zaxxer.hikari.HikariDataSource       : HikariPool-1 - Start completed.
2025-06-30T15:02:44.290+01:00  INFO 7772 --- [main] [                                                 ] com.zaxxer.hikari.HikariDataSource       : HikariPool-2 - Starting...
2025-06-30T15:02:44.293+01:00  INFO 7772 --- [main] [                                                 ] com.zaxxer.hikari.pool.HikariPool        : HikariPool-2 - Added connection conn1: url=jdbc:h2:mem:pet user=SA
2025-06-30T15:02:44.294+01:00  INFO 7772 --- [main] [                                                 ] com.zaxxer.hikari.HikariDataSource       : HikariPool-2 - Start completed.
2025-06-30T15:02:44.294+01:00  INFO 7772 --- [main] [                                                 ] com.zaxxer.hikari.HikariDataSource       : HikariPool-3 - Starting...
2025-06-30T15:02:44.296+01:00  INFO 7772 --- [main] [                                                 ] com.zaxxer.hikari.pool.HikariPool        : HikariPool-3 - Added connection conn2: url=jdbc:h2:mem:vet user=SA
2025-06-30T15:02:44.296+01:00  INFO 7772 --- [main] [                                                 ] com.zaxxer.hikari.HikariDataSource       : HikariPool-3 - Start completed.
2025-06-30T15:02:44.296+01:00  INFO 7772 --- [main] [                                                 ] com.zaxxer.hikari.HikariDataSource       : HikariPool-4 - Starting...
2025-06-30T15:02:44.298+01:00  INFO 7772 --- [main] [                                                 ] com.zaxxer.hikari.pool.HikariPool        : HikariPool-4 - Added connection conn3: url=jdbc:h2:mem:visit user=SA
2025-06-30T15:02:44.298+01:00  INFO 7772 --- [main] [                                                 ] com.zaxxer.hikari.HikariDataSource       : HikariPool-4 - Start completed.
2025-06-30T15:02:44.299+01:00  INFO 7772 --- [main] [                                                 ] o.s.b.a.h2.H2ConsoleAutoConfiguration    : H2 console available at '/h2-console'. Databases available at 'jdbc:h2:mem:owner', 'jdbc:h2:mem:pet', 'jdbc:h2:mem:vet', 'jdbc:h2:mem:visit'
2025-06-30T15:02:44.751+01:00  INFO 7772 --- [main] [                                                 ] o.hibernate.jpa.internal.util.LogHelper  : HHH000204: Processing PersistenceUnitInfo [name: default]
2025-06-30T15:02:44.833+01:00  INFO 7772 --- [main] [                                                 ] org.hibernate.Version                    : HHH000412: Hibernate ORM core version 6.4.1.Final
2025-06-30T15:02:44.879+01:00  INFO 7772 --- [main] [                                                 ] o.h.c.internal.RegionFactoryInitiator    : HHH000026: Second-level cache disabled
2025-06-30T15:02:45.179+01:00  INFO 7772 --- [main] [                                                 ] o.s.o.j.p.SpringPersistenceUnitInfo      : No LoadTimeWeaver setup: ignoring JPA class transformer
2025-06-30T15:02:46.227+01:00  INFO 7772 --- [main] [                                                 ] o.h.e.t.j.p.i.JtaPlatformInitiator       : HHH000489: No JTA platform available (set 'hibernate.transaction.jta.platform' to enable JTA platform integration)
2025-06-30T15:02:46.231+01:00  INFO 7772 --- [main] [                                                 ] j.LocalContainerEntityManagerFactoryBean : Initialized JPA EntityManagerFactory for persistence unit 'default'
2025-06-30T15:02:48.172+01:00  INFO 7772 --- [main] [                                                 ] o.s.b.a.e.web.EndpointLinksResolver      : Exposing 15 endpoint(s) beneath base path '/internal'
2025-06-30T15:02:48.301+01:00  INFO 7772 --- [main] [                                                 ] o.s.b.w.embedded.tomcat.TomcatWebServer  : Tomcat started on port 8080 (http) with context path ''
2025-06-30T15:02:48.321+01:00  INFO 7772 --- [main] [                                                 ] o.s.s.config.TaskSchedulerRouter         : No TaskScheduler/ScheduledExecutorService bean found for scheduled processing
2025-06-30T15:02:48.326+01:00  INFO 7772 --- [main] [                                                 ] o.s.samples.PetClinicApplicationSync     : Started PetClinicApplicationSync in 9.472 seconds (process running for 20.699)
2025-06-30T15:03:20.792+01:00  INFO 7772 --- [http-nio-8080-exec-1] [                                                 ] o.a.c.c.C.[Tomcat].[localhost].[/]       : Initializing Spring DispatcherServlet 'dispatcherServlet'
2025-06-30T15:03:20.793+01:00  INFO 7772 --- [http-nio-8080-exec-1] [                                                 ] o.s.web.servlet.DispatcherServlet        : Initializing Servlet 'dispatcherServlet'
2025-06-30T15:03:20.798+01:00  INFO 7772 --- [http-nio-8080-exec-1] [                                                 ] o.s.web.servlet.DispatcherServlet        : Completed initialization in 5 ms
2025-06-30T15:04:38.088+01:00  INFO 7772 --- [SpringApplicationShutdownHook] [                                                 ] .s.m.e.c.DefaultEventPublicationRegistry : No publications outstanding!
2025-06-30T15:04:38.113+01:00  INFO 7772 --- [SpringApplicationShutdownHook] [                                                 ] j.LocalContainerEntityManagerFactoryBean : Closing JPA EntityManagerFactory for persistence unit 'default'
2025-06-30T15:04:38.135+01:00  INFO 7772 --- [SpringApplicationShutdownHook] [                                                 ] com.zaxxer.hikari.HikariDataSource       : HikariPool-4 - Shutdown initiated...
2025-06-30T15:04:38.150+01:00  INFO 7772 --- [SpringApplicationShutdownHook] [                                                 ] com.zaxxer.hikari.HikariDataSource       : HikariPool-4 - Shutdown completed.
2025-06-30T15:04:38.152+01:00  INFO 7772 --- [SpringApplicationShutdownHook] [                                                 ] com.zaxxer.hikari.HikariDataSource       : HikariPool-3 - Shutdown initiated...
2025-06-30T15:04:38.156+01:00  INFO 7772 --- [SpringApplicationShutdownHook] [                                                 ] com.zaxxer.hikari.HikariDataSource       : HikariPool-3 - Shutdown completed.
2025-06-30T15:04:38.156+01:00  INFO 7772 --- [SpringApplicationShutdownHook] [                                                 ] com.zaxxer.hikari.HikariDataSource       : HikariPool-2 - Shutdown initiated...
2025-06-30T15:04:38.159+01:00  INFO 7772 --- [SpringApplicationShutdownHook] [                                                 ] com.zaxxer.hikari.HikariDataSource       : HikariPool-2 - Shutdown completed.
2025-06-30T15:04:38.159+01:00  INFO 7772 --- [SpringApplicationShutdownHook] [                                                 ] com.zaxxer.hikari.HikariDataSource       : HikariPool-1 - Shutdown initiated...
2025-06-30T15:04:38.161+01:00  INFO 7772 --- [SpringApplicationShutdownHook] [                                                 ] com.zaxxer.hikari.HikariDataSource       : HikariPool-1 - Shutdown completed.
